This is pdfTeX, Version 3.1415926-2.5-1.40.14 (TeX Live 2013/Debian) (format=pdflatex 2014.9.12)  24 OCT 2014 20:34
entering extended mode
 restricted \write18 enabled.
 %&-line parsing enabled.
**slides.tex
(./slides.tex
LaTeX2e <2011/06/27>
Babel <3.9h> and hyphenation patterns for 5 languages loaded.
(/usr/share/texmf/tex/latex/beamer/base/beamer.cls
(/usr/share/texmf/tex/latex/beamer/base/beamerbasercs.sty
Package: beamerbasercs 2012/11/13 (rcs-revision cb16a617839f)
)
Document Class: beamer 2012/10/15 development version 3.24 A class for typesett
ing presentations (rcs-revision 24853e6b98cf)
(/usr/share/texmf/tex/latex/beamer/base/beamerbasemodes.sty
Package: beamerbasemodes 2012/04/15 (rcs-revision cc6557182d97)
\beamer@tempbox=\box26
\beamer@tempcount=\count79
\c@beamerpauses=\count80

(/usr/share/texmf/tex/latex/beamer/base/beamerbasedecode.sty
Package: beamerbasedecode 2010/05/01 (rcs-revision efa082c6111d)
\beamer@slideinframe=\count81
\beamer@minimum=\count82
)
\beamer@commentbox=\box27
\beamer@modecount=\count83
)
(/usr/share/texlive/texmf-dist/tex/generic/oberdiek/ifpdf.sty
Package: ifpdf 2011/01/30 v2.3 Provides the ifpdf switch (HO)
Package ifpdf Info: pdfTeX in PDF mode is detected.
)
\headheight=\dimen102
\headdp=\dimen103
\footheight=\dimen104
\sidebarheight=\dimen105
\beamer@tempdim=\dimen106
\beamer@finalheight=\dimen107
\beamer@animht=\dimen108
\beamer@animdp=\dimen109
\beamer@animwd=\dimen110
\beamer@leftmargin=\dimen111
\beamer@rightmargin=\dimen112
\beamer@leftsidebar=\dimen113
\beamer@rightsidebar=\dimen114
\beamer@boxsize=\dimen115
\beamer@vboxoffset=\dimen116
\beamer@descdefault=\dimen117
\beamer@descriptionwidth=\dimen118
\beamer@lastskip=\skip41
\beamer@areabox=\box28
\beamer@animcurrent=\box29
\beamer@animshowbox=\box30
\beamer@sectionbox=\box31
\beamer@logobox=\box32
\beamer@linebox=\box33
\beamer@sectioncount=\count84
\beamer@subsubsectionmax=\count85
\beamer@subsectionmax=\count86
\beamer@sectionmax=\count87
\beamer@totalheads=\count88
\beamer@headcounter=\count89
\beamer@partstartpage=\count90
\beamer@sectionstartpage=\count91
\beamer@subsectionstartpage=\count92
\beamer@animationtempa=\count93
\beamer@animationtempb=\count94
\beamer@xpos=\count95
\beamer@ypos=\count96
\beamer@showpartnumber=\count97
\beamer@currentsubsection=\count98
\beamer@coveringdepth=\count99
\beamer@sectionadjust=\count100
\beamer@tocsectionnumber=\count101

(/usr/share/texmf/tex/latex/beamer/base/beamerbaseoptions.sty
Package: beamerbaseoptions 2010/04/27 (rcs-revision 982469101dd6)

(/usr/share/texlive/texmf-dist/tex/latex/graphics/keyval.sty
Package: keyval 1999/03/16 v1.13 key=value parser (DPC)
\KV@toks@=\toks14
))
\beamer@paperwidth=\skip42
\beamer@paperheight=\skip43

(/usr/share/texlive/texmf-dist/tex/latex/geometry/geometry.sty
Package: geometry 2010/09/12 v5.6 Page Geometry

(/usr/share/texlive/texmf-dist/tex/generic/oberdiek/ifvtex.sty
Package: ifvtex 2010/03/01 v1.5 Detect VTeX and its facilities (HO)
Package ifvtex Info: VTeX not detected.
)
(/usr/share/texlive/texmf-dist/tex/generic/ifxetex/ifxetex.sty
Package: ifxetex 2010/09/12 v0.6 Provides ifxetex conditional
)
\Gm@cnth=\count102
\Gm@cntv=\count103
\c@Gm@tempcnt=\count104
\Gm@bindingoffset=\dimen119
\Gm@wd@mp=\dimen120
\Gm@odd@mp=\dimen121
\Gm@even@mp=\dimen122
\Gm@layoutwidth=\dimen123
\Gm@layoutheight=\dimen124
\Gm@layouthoffset=\dimen125
\Gm@layoutvoffset=\dimen126
\Gm@dimlist=\toks15
)
(/usr/share/texlive/texmf-dist/tex/latex/base/size11.clo
File: size11.clo 2007/10/19 v1.4h Standard LaTeX file (size option)
)
(/usr/share/texmf/tex/latex/pgf/basiclayer/pgfcore.sty
(/usr/share/texlive/texmf-dist/tex/latex/graphics/graphicx.sty
Package: graphicx 1999/02/16 v1.0f Enhanced LaTeX Graphics (DPC,SPQR)

(/usr/share/texlive/texmf-dist/tex/latex/graphics/graphics.sty
Package: graphics 2009/02/05 v1.0o Standard LaTeX Graphics (DPC,SPQR)

(/usr/share/texlive/texmf-dist/tex/latex/graphics/trig.sty
Package: trig 1999/03/16 v1.09 sin cos tan (DPC)
)
(/usr/share/texlive/texmf-dist/tex/latex/latexconfig/graphics.cfg
File: graphics.cfg 2010/04/23 v1.9 graphics configuration of TeX Live
)
Package graphics Info: Driver file: pdftex.def on input line 91.

(/usr/share/texlive/texmf-dist/tex/latex/pdftex-def/pdftex.def
File: pdftex.def 2011/05/27 v0.06d Graphics/color for pdfTeX

(/usr/share/texlive/texmf-dist/tex/generic/oberdiek/infwarerr.sty
Package: infwarerr 2010/04/08 v1.3 Providing info/warning/error messages (HO)
)
(/usr/share/texlive/texmf-dist/tex/generic/oberdiek/ltxcmds.sty
Package: ltxcmds 2011/11/09 v1.22 LaTeX kernel commands for general use (HO)
)
\Gread@gobject=\count105
))
\Gin@req@height=\dimen127
\Gin@req@width=\dimen128
)
(/usr/share/texmf/tex/latex/pgf/systemlayer/pgfsys.sty
(/usr/share/texmf/tex/latex/pgf/utilities/pgfrcs.sty
(/usr/share/texmf/tex/generic/pgf/utilities/pgfutil-common.tex
\pgfutil@everybye=\toks16
)
(/usr/share/texmf/tex/generic/pgf/utilities/pgfutil-latex.def
\pgfutil@abb=\box34

(/usr/share/texlive/texmf-dist/tex/latex/ms/everyshi.sty
Package: everyshi 2001/05/15 v3.00 EveryShipout Package (MS)
))
(/usr/share/texmf/tex/generic/pgf/utilities/pgfrcs.code.tex
Package: pgfrcs 2010/10/25 v2.10 (rcs-revision 1.24)
))
(/usr/share/texmf/tex/generic/pgf/systemlayer/pgfsys.code.tex
Package: pgfsys 2010/06/30 v2.10 (rcs-revision 1.37)

(/usr/share/texmf/tex/generic/pgf/utilities/pgfkeys.code.tex
\pgfkeys@pathtoks=\toks17
\pgfkeys@temptoks=\toks18

(/usr/share/texmf/tex/generic/pgf/utilities/pgfkeysfiltered.code.tex
\pgfkeys@tmptoks=\toks19
))
\pgf@x=\dimen129
\pgf@y=\dimen130
\pgf@xa=\dimen131
\pgf@ya=\dimen132
\pgf@xb=\dimen133
\pgf@yb=\dimen134
\pgf@xc=\dimen135
\pgf@yc=\dimen136
\w@pgf@writea=\write3
\r@pgf@reada=\read1
\c@pgf@counta=\count106
\c@pgf@countb=\count107
\c@pgf@countc=\count108
\c@pgf@countd=\count109

(/usr/share/texmf/tex/generic/pgf/systemlayer/pgf.cfg
File: pgf.cfg 2008/05/14  (rcs-revision 1.7)
)
Package pgfsys Info: Driver file for pgf: pgfsys-pdftex.def on input line 900.

(/usr/share/texmf/tex/generic/pgf/systemlayer/pgfsys-pdftex.def
File: pgfsys-pdftex.def 2009/05/22  (rcs-revision 1.26)

(/usr/share/texmf/tex/generic/pgf/systemlayer/pgfsys-common-pdf.def
File: pgfsys-common-pdf.def 2008/05/19  (rcs-revision 1.10)
)))
(/usr/share/texmf/tex/generic/pgf/systemlayer/pgfsyssoftpath.code.tex
File: pgfsyssoftpath.code.tex 2008/07/18  (rcs-revision 1.7)
\pgfsyssoftpath@smallbuffer@items=\count110
\pgfsyssoftpath@bigbuffer@items=\count111
)
(/usr/share/texmf/tex/generic/pgf/systemlayer/pgfsysprotocol.code.tex
File: pgfsysprotocol.code.tex 2006/10/16  (rcs-revision 1.4)
))
(/usr/share/texmf/tex/latex/xcolor/xcolor.sty
Package: xcolor 2007/01/21 v2.11 LaTeX color extensions (UK)

(/usr/share/texlive/texmf-dist/tex/latex/latexconfig/color.cfg
File: color.cfg 2007/01/18 v1.5 color configuration of teTeX/TeXLive
)
Package xcolor Info: Driver file: pdftex.def on input line 225.
Package xcolor Info: Model `cmy' substituted by `cmy0' on input line 1337.
Package xcolor Info: Model `hsb' substituted by `rgb' on input line 1341.
Package xcolor Info: Model `RGB' extended on input line 1353.
Package xcolor Info: Model `HTML' substituted by `rgb' on input line 1355.
Package xcolor Info: Model `Hsb' substituted by `hsb' on input line 1356.
Package xcolor Info: Model `tHsb' substituted by `hsb' on input line 1357.
Package xcolor Info: Model `HSB' substituted by `hsb' on input line 1358.
Package xcolor Info: Model `Gray' substituted by `gray' on input line 1359.
Package xcolor Info: Model `wave' substituted by `hsb' on input line 1360.

(/usr/share/texmf/tex/latex/xcolor/svgnam.def
File: svgnam.def 2007/01/21 v2.11 Predefined colors according to SVG 1.1 (UK)
))
(/usr/share/texmf/tex/generic/pgf/basiclayer/pgfcore.code.tex
Package: pgfcore 2010/04/11 v2.10 (rcs-revision 1.7)

(/usr/share/texmf/tex/generic/pgf/math/pgfmath.code.tex
(/usr/share/texmf/tex/generic/pgf/math/pgfmathcalc.code.tex
(/usr/share/texmf/tex/generic/pgf/math/pgfmathutil.code.tex)
(/usr/share/texmf/tex/generic/pgf/math/pgfmathparser.code.tex
\pgfmath@dimen=\dimen137
\pgfmath@count=\count112
\pgfmath@box=\box35
\pgfmath@toks=\toks20
\pgfmath@stack@operand=\toks21
\pgfmath@stack@operation=\toks22
)
(/usr/share/texmf/tex/generic/pgf/math/pgfmathfunctions.code.tex
(/usr/share/texmf/tex/generic/pgf/math/pgfmathfunctions.basic.code.tex)
(/usr/share/texmf/tex/generic/pgf/math/pgfmathfunctions.trigonometric.code.tex)
(/usr/share/texmf/tex/generic/pgf/math/pgfmathfunctions.random.code.tex)
(/usr/share/texmf/tex/generic/pgf/math/pgfmathfunctions.comparison.code.tex)
(/usr/share/texmf/tex/generic/pgf/math/pgfmathfunctions.base.code.tex)
(/usr/share/texmf/tex/generic/pgf/math/pgfmathfunctions.round.code.tex)
(/usr/share/texmf/tex/generic/pgf/math/pgfmathfunctions.misc.code.tex)))
(/usr/share/texmf/tex/generic/pgf/math/pgfmathfloat.code.tex
\c@pgfmathroundto@lastzeros=\count113
))
(/usr/share/texmf/tex/generic/pgf/basiclayer/pgfcorepoints.code.tex
File: pgfcorepoints.code.tex 2010/04/09  (rcs-revision 1.20)
\pgf@picminx=\dimen138
\pgf@picmaxx=\dimen139
\pgf@picminy=\dimen140
\pgf@picmaxy=\dimen141
\pgf@pathminx=\dimen142
\pgf@pathmaxx=\dimen143
\pgf@pathminy=\dimen144
\pgf@pathmaxy=\dimen145
\pgf@xx=\dimen146
\pgf@xy=\dimen147
\pgf@yx=\dimen148
\pgf@yy=\dimen149
\pgf@zx=\dimen150
\pgf@zy=\dimen151
)
(/usr/share/texmf/tex/generic/pgf/basiclayer/pgfcorepathconstruct.code.tex
File: pgfcorepathconstruct.code.tex 2010/08/03  (rcs-revision 1.24)
\pgf@path@lastx=\dimen152
\pgf@path@lasty=\dimen153
)
(/usr/share/texmf/tex/generic/pgf/basiclayer/pgfcorepathusage.code.tex
File: pgfcorepathusage.code.tex 2008/04/22  (rcs-revision 1.12)
\pgf@shorten@end@additional=\dimen154
\pgf@shorten@start@additional=\dimen155
)
(/usr/share/texmf/tex/generic/pgf/basiclayer/pgfcorescopes.code.tex
File: pgfcorescopes.code.tex 2010/09/08  (rcs-revision 1.34)
\pgfpic=\box36
\pgf@hbox=\box37
\pgf@layerbox@main=\box38
\pgf@picture@serial@count=\count114
)
(/usr/share/texmf/tex/generic/pgf/basiclayer/pgfcoregraphicstate.code.tex
File: pgfcoregraphicstate.code.tex 2008/04/22  (rcs-revision 1.9)
\pgflinewidth=\dimen156
)
(/usr/share/texmf/tex/generic/pgf/basiclayer/pgfcoretransformations.code.tex
File: pgfcoretransformations.code.tex 2009/06/10  (rcs-revision 1.11)
\pgf@pt@x=\dimen157
\pgf@pt@y=\dimen158
\pgf@pt@temp=\dimen159
)
(/usr/share/texmf/tex/generic/pgf/basiclayer/pgfcorequick.code.tex
File: pgfcorequick.code.tex 2008/10/09  (rcs-revision 1.3)
)
(/usr/share/texmf/tex/generic/pgf/basiclayer/pgfcoreobjects.code.tex
File: pgfcoreobjects.code.tex 2006/10/11  (rcs-revision 1.2)
)
(/usr/share/texmf/tex/generic/pgf/basiclayer/pgfcorepathprocessing.code.tex
File: pgfcorepathprocessing.code.tex 2008/10/09  (rcs-revision 1.8)
)
(/usr/share/texmf/tex/generic/pgf/basiclayer/pgfcorearrows.code.tex
File: pgfcorearrows.code.tex 2008/04/23  (rcs-revision 1.11)
)
(/usr/share/texmf/tex/generic/pgf/basiclayer/pgfcoreshade.code.tex
File: pgfcoreshade.code.tex 2008/11/23  (rcs-revision 1.13)
\pgf@max=\dimen160
\pgf@sys@shading@range@num=\count115
)
(/usr/share/texmf/tex/generic/pgf/basiclayer/pgfcoreimage.code.tex
File: pgfcoreimage.code.tex 2010/03/25  (rcs-revision 1.16)

(/usr/share/texmf/tex/generic/pgf/basiclayer/pgfcoreexternal.code.tex
File: pgfcoreexternal.code.tex 2010/09/01  (rcs-revision 1.17)
\pgfexternal@startupbox=\box39
))
(/usr/share/texmf/tex/generic/pgf/basiclayer/pgfcorelayers.code.tex
File: pgfcorelayers.code.tex 2010/08/27  (rcs-revision 1.2)
)
(/usr/share/texmf/tex/generic/pgf/basiclayer/pgfcoretransparency.code.tex
File: pgfcoretransparency.code.tex 2008/01/17  (rcs-revision 1.2)
)
(/usr/share/texmf/tex/generic/pgf/basiclayer/pgfcorepatterns.code.tex
File: pgfcorepatterns.code.tex 2009/07/02  (rcs-revision 1.3)
)))
(/usr/share/texmf/tex/latex/pgf/utilities/xxcolor.sty
Package: xxcolor 2003/10/24 ver 0.1
\XC@nummixins=\count116
\XC@countmixins=\count117
)
(/usr/share/texlive/texmf-dist/tex/latex/hyperref/hyperref.sty
Package: hyperref 2012/11/06 v6.83m Hypertext links for LaTeX

(/usr/share/texlive/texmf-dist/tex/generic/oberdiek/hobsub-hyperref.sty
Package: hobsub-hyperref 2012/05/28 v1.13 Bundle oberdiek, subset hyperref (HO)


(/usr/share/texlive/texmf-dist/tex/generic/oberdiek/hobsub-generic.sty
Package: hobsub-generic 2012/05/28 v1.13 Bundle oberdiek, subset generic (HO)
Package: hobsub 2012/05/28 v1.13 Construct package bundles (HO)
Package hobsub Info: Skipping package `infwarerr' (already loaded).
Package hobsub Info: Skipping package `ltxcmds' (already loaded).
Package: ifluatex 2010/03/01 v1.3 Provides the ifluatex switch (HO)
Package ifluatex Info: LuaTeX not detected.
Package hobsub Info: Skipping package `ifvtex' (already loaded).
Package: intcalc 2007/09/27 v1.1 Expandable calculations with integers (HO)
Package hobsub Info: Skipping package `ifpdf' (already loaded).
Package: etexcmds 2011/02/16 v1.5 Avoid name clashes with e-TeX commands (HO)
Package etexcmds Info: Could not find \expanded.
(etexcmds)             That can mean that you are not using pdfTeX 1.50 or
(etexcmds)             that some package has redefined \expanded.
(etexcmds)             In the latter case, load this package earlier.
Package: kvsetkeys 2012/04/25 v1.16 Key value parser (HO)
Package: kvdefinekeys 2011/04/07 v1.3 Define keys (HO)
Package: pdftexcmds 2011/11/29 v0.20 Utility functions of pdfTeX for LuaTeX (HO
)
Package pdftexcmds Info: LuaTeX not detected.
Package pdftexcmds Info: \pdf@primitive is available.
Package pdftexcmds Info: \pdf@ifprimitive is available.
Package pdftexcmds Info: \pdfdraftmode found.
Package: pdfescape 2011/11/25 v1.13 Implements pdfTeX's escape features (HO)
Package: bigintcalc 2012/04/08 v1.3 Expandable calculations on big integers (HO
)
Package: bitset 2011/01/30 v1.1 Handle bit-vector datatype (HO)
Package: uniquecounter 2011/01/30 v1.2 Provide unlimited unique counter (HO)
)
Package hobsub Info: Skipping package `hobsub' (already loaded).
Package: letltxmacro 2010/09/02 v1.4 Let assignment for LaTeX macros (HO)
Package: hopatch 2012/05/28 v1.2 Wrapper for package hooks (HO)
Package: xcolor-patch 2011/01/30 xcolor patch
Package: atveryend 2011/06/30 v1.8 Hooks at the very end of document (HO)
Package atveryend Info: \enddocument detected (standard20110627).
Package: atbegshi 2011/10/05 v1.16 At begin shipout hook (HO)
Package: refcount 2011/10/16 v3.4 Data extraction from label references (HO)
Package: hycolor 2011/01/30 v1.7 Color options for hyperref/bookmark (HO)
)
(/usr/share/texlive/texmf-dist/tex/latex/oberdiek/auxhook.sty
Package: auxhook 2011/03/04 v1.3 Hooks for auxiliary files (HO)
)
(/usr/share/texlive/texmf-dist/tex/latex/oberdiek/kvoptions.sty
Package: kvoptions 2011/06/30 v3.11 Key value format for package options (HO)
)
\@linkdim=\dimen161
\Hy@linkcounter=\count118
\Hy@pagecounter=\count119

(/usr/share/texlive/texmf-dist/tex/latex/hyperref/pd1enc.def
File: pd1enc.def 2012/11/06 v6.83m Hyperref: PDFDocEncoding definition (HO)
)
\Hy@SavedSpaceFactor=\count120

(/usr/share/texlive/texmf-dist/tex/latex/latexconfig/hyperref.cfg
File: hyperref.cfg 2002/06/06 v1.2 hyperref configuration of TeXLive
)
Package hyperref Info: Option `bookmarks' set `true' on input line 4319.
Package hyperref Info: Option `bookmarksopen' set `true' on input line 4319.
Package hyperref Info: Option `implicit' set `false' on input line 4319.
Package hyperref Info: Hyper figures OFF on input line 4443.
Package hyperref Info: Link nesting OFF on input line 4448.
Package hyperref Info: Hyper index ON on input line 4451.
Package hyperref Info: Plain pages OFF on input line 4458.
Package hyperref Info: Backreferencing OFF on input line 4463.
Package hyperref Info: Implicit mode OFF; no redefinition of LaTeX internals.
Package hyperref Info: Bookmarks ON on input line 4688.
\c@Hy@tempcnt=\count121

(/usr/share/texlive/texmf-dist/tex/latex/url/url.sty
\Urlmuskip=\muskip10
Package: url 2013/09/16  ver 3.4  Verb mode for urls, etc.
)
LaTeX Info: Redefining \url on input line 5041.
\XeTeXLinkMargin=\dimen162
\Fld@menulength=\count122
\Field@Width=\dimen163
\Fld@charsize=\dimen164
Package hyperref Info: Hyper figures OFF on input line 6295.
Package hyperref Info: Link nesting OFF on input line 6300.
Package hyperref Info: Hyper index ON on input line 6303.
Package hyperref Info: backreferencing OFF on input line 6310.
Package hyperref Info: Link coloring OFF on input line 6315.
Package hyperref Info: Link coloring with OCG OFF on input line 6320.
Package hyperref Info: PDF/A mode OFF on input line 6325.
LaTeX Info: Redefining \ref on input line 6365.
LaTeX Info: Redefining \pageref on input line 6369.
\Hy@abspage=\count123


Package hyperref Message: Stopped early.

)

Package hyperref Message: Driver (autodetected): hpdftex.

(/usr/share/texlive/texmf-dist/tex/latex/hyperref/hpdftex.def
File: hpdftex.def 2012/11/06 v6.83m Hyperref driver for pdfTeX
\Fld@listcount=\count124
\c@bookmark@seq@number=\count125

(/usr/share/texlive/texmf-dist/tex/latex/oberdiek/rerunfilecheck.sty
Package: rerunfilecheck 2011/04/15 v1.7 Rerun checks for auxiliary files (HO)
Package uniquecounter Info: New unique counter `rerunfilecheck' on input line 2
82.
))
(/usr/share/texmf/tex/latex/beamer/base/beamerbaserequires.sty
Package: beamerbaserequires 2010/05/01  (rcs-revision efa082c6111d)

(/usr/share/texmf/tex/latex/beamer/base/beamerbasecompatibility.sty
Package: beamerbasecompatibility 2012/05/01  (rcs-revision 67c48b3b652d)
)
(/usr/share/texmf/tex/latex/beamer/base/beamerbasefont.sty
Package: beamerbasefont 2012/09/19  (rcs-revision 733629cd0c6c)

(/usr/share/texlive/texmf-dist/tex/latex/amsfonts/amssymb.sty
Package: amssymb 2013/01/14 v3.01 AMS font symbols

(/usr/share/texlive/texmf-dist/tex/latex/amsfonts/amsfonts.sty
Package: amsfonts 2013/01/14 v3.01 Basic AMSFonts support
\@emptytoks=\toks23
\symAMSa=\mathgroup4
\symAMSb=\mathgroup5
LaTeX Font Info:    Overwriting math alphabet `\mathfrak' in version `bold'
(Font)                  U/euf/m/n --> U/euf/b/n on input line 106.
)))
(/usr/share/texmf/tex/latex/beamer/base/beamerbasetranslator.sty
Package: beamerbasetranslator 2010/06/11  (rcs-revision 85fd1cc7fc42)

(/usr/share/texmf/tex/latex/beamer/base/translator/translator.sty
Package: translator 2010/06/12 ver 1.10

(/usr/share/texmf/tex/latex/beamer/base/translator/translator-language-mappings
.tex))) (/usr/share/texmf/tex/latex/beamer/base/beamerbasemisc.sty
Package: beamerbasemisc 2012/02/24  (rcs-revision 2ff5461be705)
)
(/usr/share/texmf/tex/latex/beamer/base/beamerbasetwoscreens.sty
Package: beamerbasetwoscreens 2010/05/01  (rcs-revision efa082c6111d)
)
(/usr/share/texmf/tex/latex/beamer/base/beamerbaseoverlay.sty
Package: beamerbaseoverlay 2012/11/11  (rcs-revision 6afbc49b1109)
\beamer@argscount=\count126
\beamer@lastskipcover=\skip44
\beamer@trivlistdepth=\count127
)
(/usr/share/texmf/tex/latex/beamer/base/beamerbasetitle.sty
Package: beamerbasetitle 2010/09/21  (rcs-revision f0446ed0b6ae)
)
(/usr/share/texmf/tex/latex/beamer/base/beamerbasesection.sty
Package: beamerbasesection 2012/11/11  (rcs-revision 0056eef6f17f)
\c@lecture=\count128
\c@part=\count129
\c@section=\count130
\c@subsection=\count131
\c@subsubsection=\count132
)
(/usr/share/texmf/tex/latex/beamer/base/beamerbaseframe.sty
Package: beamerbaseframe 2012/09/13  (rcs-revision dcd846607320)
\beamer@framebox=\box40
\beamer@frametitlebox=\box41
\beamer@zoombox=\box42
\beamer@zoomcount=\count133
\beamer@zoomframecount=\count134
\beamer@frametextheight=\dimen165
\c@subsectionslide=\count135
\beamer@frametopskip=\skip45
\beamer@framebottomskip=\skip46
\beamer@frametopskipautobreak=\skip47
\beamer@framebottomskipautobreak=\skip48
\beamer@envbody=\toks24
\framewidth=\dimen166
\c@framenumber=\count136
)
(/usr/share/texmf/tex/latex/beamer/base/beamerbaseverbatim.sty
Package: beamerbaseverbatim 2012/08/30  (rcs-revision dfdb135076b3)
\beamer@verbatimfileout=\write4
)
(/usr/share/texmf/tex/latex/beamer/base/beamerbaseframesize.sty
Package: beamerbaseframesize 2011/09/12  (rcs-revision 70f9d8411e54)
\beamer@splitbox=\box43
\beamer@autobreakcount=\count137
\beamer@autobreaklastheight=\dimen167
\beamer@frametitletoks=\toks25
\beamer@framesubtitletoks=\toks26
)
(/usr/share/texmf/tex/latex/beamer/base/beamerbaseframecomponents.sty
Package: beamerbaseframecomponents 2012/09/13  (rcs-revision dcd846607320)
\beamer@footins=\box44
)
(/usr/share/texmf/tex/latex/beamer/base/beamerbasecolor.sty
Package: beamerbasecolor 2010/06/06  (rcs-revision d1a9b48be06d)
)
(/usr/share/texmf/tex/latex/beamer/base/beamerbasenotes.sty
Package: beamerbasenotes 2010/05/01  (rcs-revision efa082c6111d)
\beamer@frameboxcopy=\box45
)
(/usr/share/texmf/tex/latex/beamer/base/beamerbasetoc.sty
Package: beamerbasetoc 2012/10/02  (rcs-revision 5ed0f4010e8a)
)
(/usr/share/texmf/tex/latex/beamer/base/beamerbasetemplates.sty
Package: beamerbasetemplates 2010/05/01  (rcs-revision efa082c6111d)
\beamer@sbttoks=\toks27

(/usr/share/texmf/tex/latex/beamer/base/beamerbaseauxtemplates.sty
Package: beamerbaseauxtemplates 2012/05/01  (rcs-revision 67c48b3b652d)

(/usr/share/texmf/tex/latex/beamer/base/beamerbaseboxes.sty
Package: beamerbaseboxes 2012/05/13  (rcs-revision 56972908a390)
\bmb@box=\box46
\bmb@colorbox=\box47
\bmb@boxshadow=\box48
\bmb@boxshadowball=\box49
\bmb@boxshadowballlarge=\box50
\bmb@temp=\dimen168
\bmb@dima=\dimen169
\bmb@dimb=\dimen170
\bmb@prevheight=\dimen171
)
\beamer@blockheadheight=\dimen172
))
(/usr/share/texmf/tex/latex/beamer/base/beamerbaselocalstructure.sty
Package: beamerbaselocalstructure 2012/11/13  (rcs-revision ddfba79dac19)

(/usr/share/texlive/texmf-dist/tex/latex/tools/enumerate.sty
Package: enumerate 1999/03/05 v3.00 enumerate extensions (DPC)
\@enLab=\toks28
)
\c@figure=\count138
\c@table=\count139
\abovecaptionskip=\skip49
\belowcaptionskip=\skip50
)
(/usr/share/texmf/tex/latex/beamer/base/beamerbasenavigation.sty
Package: beamerbasenavigation 2012/04/03  (rcs-revision 42a0f21a412d)
\beamer@section@min@dim=\dimen173
)
(/usr/share/texmf/tex/latex/beamer/base/beamerbasetheorems.sty
Package: beamerbasetheorems 2010/06/06  (rcs-revision 7e7cc5e53e9d)

(/usr/share/texlive/texmf-dist/tex/latex/amsmath/amsmath.sty
Package: amsmath 2013/01/14 v2.14 AMS math features
\@mathmargin=\skip51

For additional information on amsmath, use the `?' option.
(/usr/share/texlive/texmf-dist/tex/latex/amsmath/amstext.sty
Package: amstext 2000/06/29 v2.01

(/usr/share/texlive/texmf-dist/tex/latex/amsmath/amsgen.sty
File: amsgen.sty 1999/11/30 v2.0
\@emptytoks=\toks29
\ex@=\dimen174
))
(/usr/share/texlive/texmf-dist/tex/latex/amsmath/amsbsy.sty
Package: amsbsy 1999/11/29 v1.2d
\pmbraise@=\dimen175
)
(/usr/share/texlive/texmf-dist/tex/latex/amsmath/amsopn.sty
Package: amsopn 1999/12/14 v2.01 operator names
)
\inf@bad=\count140
LaTeX Info: Redefining \frac on input line 210.
\uproot@=\count141
\leftroot@=\count142
LaTeX Info: Redefining \overline on input line 306.
\classnum@=\count143
\DOTSCASE@=\count144
LaTeX Info: Redefining \ldots on input line 378.
LaTeX Info: Redefining \dots on input line 381.
LaTeX Info: Redefining \cdots on input line 466.
\Mathstrutbox@=\box51
\strutbox@=\box52
\big@size=\dimen176
LaTeX Font Info:    Redeclaring font encoding OML on input line 566.
LaTeX Font Info:    Redeclaring font encoding OMS on input line 567.
\macc@depth=\count145
\c@MaxMatrixCols=\count146
\dotsspace@=\muskip11
\c@parentequation=\count147
\dspbrk@lvl=\count148
\tag@help=\toks30
\row@=\count149
\column@=\count150
\maxfields@=\count151
\andhelp@=\toks31
\eqnshift@=\dimen177
\alignsep@=\dimen178
\tagshift@=\dimen179
\tagwidth@=\dimen180
\totwidth@=\dimen181
\lineht@=\dimen182
\@envbody=\toks32
\multlinegap=\skip52
\multlinetaggap=\skip53
\mathdisplay@stack=\toks33
LaTeX Info: Redefining \[ on input line 2665.
LaTeX Info: Redefining \] on input line 2666.
)
(/usr/share/texlive/texmf-dist/tex/latex/amscls/amsthm.sty
Package: amsthm 2004/08/06 v2.20
\thm@style=\toks34
\thm@bodyfont=\toks35
\thm@headfont=\toks36
\thm@notefont=\toks37
\thm@headpunct=\toks38
\thm@preskip=\skip54
\thm@postskip=\skip55
\thm@headsep=\skip56
\dth@everypar=\toks39
)
\c@theorem=\count152
)
(/usr/share/texmf/tex/latex/beamer/base/beamerbasethemes.sty
Package: beamerbasethemes 2010/05/01  (rcs-revision efa082c6111d)
))
(/usr/share/texmf/tex/latex/beamer/base/themes/theme/beamerthemedefault.sty
Package: beamerthemedefault 2010/06/17  (rcs-revision d02a7cf4d8ae)

(/usr/share/texmf/tex/latex/beamer/base/themes/font/beamerfontthemedefault.sty
Package: beamerfontthemedefault 2010/06/17  (rcs-revision d02a7cf4d8ae)
)
(/usr/share/texmf/tex/latex/beamer/base/themes/color/beamercolorthemedefault.st
y
Package: beamercolorthemedefault 2010/06/17  (rcs-revision d02a7cf4d8ae)
)
(/usr/share/texmf/tex/latex/beamer/base/themes/inner/beamerinnerthemedefault.st
y
Package: beamerinnerthemedefault 2012/05/01  (rcs-revision 67c48b3b652d)
\beamer@dima=\dimen183
\beamer@dimb=\dimen184
)
(/usr/share/texmf/tex/latex/beamer/base/themes/outer/beamerouterthemedefault.st
y
Package: beamerouterthemedefault 2012/10/02  (rcs-revision 5ed0f4010e8a)
))) (/usr/share/texlive/texmf-dist/tex/generic/babel/babel.sty
Package: babel 2013/12/03 3.9h The Babel package

(/usr/share/texlive/texmf-dist/tex/generic/babel-italian/italian.ldf
Language: italian 2013/11/22 v1.3f Italian support from the babel system

(/usr/share/texlive/texmf-dist/tex/generic/babel/babel.def
File: babel.def 2013/12/03 3.9h Babel common definitions
LaTeX Info: Redefining \textlatin on input line 137.
\babel@savecnt=\count153
\U@D=\dimen185
)
\it@lettering=\count154
Package babel Info: Making " an active character on input line 98.
\Virgola=\count155
)
(/usr/share/texlive/texmf-dist/tex/generic/babel-english/english.ldf
Language: english 2012/08/20 v3.3p English support from the babel system
\l@canadian = a dialect from \language\l@american 
\l@australian = a dialect from \language\l@british 
\l@newzealand = a dialect from \language\l@british 
))
(/usr/share/texlive/texmf-dist/tex/latex/etoolbox/etoolbox.sty
Package: etoolbox 2011/01/03 v2.1 e-TeX tools for LaTeX

(/usr/share/texlive/texmf-dist/tex/latex/etex-pkg/etex.sty
Package: etex 1998/03/26 v2.0 eTeX basic definition package (PEB)
\et@xins=\count156
)
\etb@tempcnta=\count157
)
(/usr/share/texlive/texmf-dist/tex/latex/base/inputenc.sty
Package: inputenc 2008/03/30 v1.1d Input encoding file
\inpenc@prehook=\toks40
\inpenc@posthook=\toks41

(/usr/share/texlive/texmf-dist/tex/latex/ucs/utf8x.def
File: utf8x.def 2004/10/17 UCS: Input encoding UTF-8
))
(/usr/share/texlive/texmf-dist/tex/latex/ucs/ucs.sty
Package: ucs 2013/05/11 v2.2 UCS: Unicode input support

(/usr/share/texlive/texmf-dist/tex/latex/ucs/data/uni-global.def
File: uni-global.def 2013/05/13 UCS: Unicode global data
)
\uc@secondtry=\count158
\uc@combtoks=\toks42
\uc@combtoksb=\toks43
\uc@temptokena=\toks44
)
(/usr/share/texlive/texmf-dist/tex/latex/listings/listings.sty
\lst@mode=\count159
\lst@gtempboxa=\box53
\lst@token=\toks45
\lst@length=\count160
\lst@currlwidth=\dimen186
\lst@column=\count161
\lst@pos=\count162
\lst@lostspace=\dimen187
\lst@width=\dimen188
\lst@newlines=\count163
\lst@lineno=\count164
\lst@maxwidth=\dimen189

(/usr/share/texlive/texmf-dist/tex/latex/listings/lstmisc.sty
File: lstmisc.sty 2013/08/26 1.5b (Carsten Heinz)
\c@lstnumber=\count165
\lst@skipnumbers=\count166
\lst@framebox=\box54
)
(/usr/share/texlive/texmf-dist/tex/latex/listings/listings.cfg
File: listings.cfg 2013/08/26 1.5b listings configuration
))
Package: listings 2013/08/26 1.5b (Carsten Heinz)

(/usr/share/texlive/texmf-dist/tex/latex/tools/tabularx.sty
Package: tabularx 1999/01/07 v2.07 `tabularx' package (DPC)

(/usr/share/texlive/texmf-dist/tex/latex/tools/array.sty
Package: array 2008/09/09 v2.4c Tabular extension package (FMi)
\col@sep=\dimen190
\extrarowheight=\dimen191
\NC@list=\toks46
\extratabsurround=\skip57
\backup@length=\skip58
)
\TX@col@width=\dimen192
\TX@old@table=\dimen193
\TX@old@col=\dimen194
\TX@target=\dimen195
\TX@delta=\dimen196
\TX@cols=\count167
\TX@ftn=\toks47
)
(/usr/share/texmf/tex/latex/beamer/base/themes/theme/beamerthemeGoettingen.sty
Package: beamerthemeGoettingen 2010/06/17  (rcs-revision d02a7cf4d8ae)

(/usr/share/texmf/tex/latex/beamer/base/themes/outer/beamerouterthemesidebar.st
y
Package: beamerouterthemesidebar 2010/06/17  (rcs-revision d02a7cf4d8ae)
\beamer@sidebarwidth=\dimen197
\beamer@headheight=\dimen198
))
(/usr/share/texmf/tex/latex/beamer/base/themes/color/beamercolorthemestructure.
sty
Package: beamercolorthemestructure 2010/06/17  (rcs-revision d02a7cf4d8ae)
) (/usr/share/texlive/texmf-dist/tex/latex/listings/lstlang1.sty
File: lstlang1.sty 2013/08/26 1.5b listings language file
)
(/usr/share/texlive/texmf-dist/tex/latex/listings/lstmisc.sty
File: lstmisc.sty 2013/08/26 1.5b (Carsten Heinz)
) (./slides.aux)
\openout1 = `slides.aux'.

LaTeX Font Info:    Checking defaults for OML/cmm/m/it on input line 59.
LaTeX Font Info:    ... okay on input line 59.
LaTeX Font Info:    Checking defaults for T1/cmr/m/n on input line 59.
LaTeX Font Info:    ... okay on input line 59.
LaTeX Font Info:    Checking defaults for OT1/cmr/m/n on input line 59.
LaTeX Font Info:    ... okay on input line 59.
LaTeX Font Info:    Checking defaults for OMS/cmsy/m/n on input line 59.
LaTeX Font Info:    ... okay on input line 59.
LaTeX Font Info:    Checking defaults for OMX/cmex/m/n on input line 59.
LaTeX Font Info:    ... okay on input line 59.
LaTeX Font Info:    Checking defaults for U/cmr/m/n on input line 59.
LaTeX Font Info:    ... okay on input line 59.
LaTeX Font Info:    Checking defaults for PD1/pdf/m/n on input line 59.
LaTeX Font Info:    ... okay on input line 59.

*geometry* driver: auto-detecting
*geometry* detected driver: pdftex
*geometry* verbose mode - [ preamble ] result:
* driver: pdftex
* paper: custom
* layout: <same size as paper>
* layoutoffset:(h,v)=(0.0pt,0.0pt)
* modes: includehead includefoot 
* h-part:(L,W,R)=(14.22636pt, 278.83713pt, 71.13187pt)
* v-part:(T,H,B)=(0.0pt, 273.14662pt, 0.0pt)
* \paperwidth=364.19536pt
* \paperheight=273.14662pt
* \textwidth=278.83713pt
* \textheight=244.6939pt
* \oddsidemargin=-58.04362pt
* \evensidemargin=-58.04362pt
* \topmargin=-72.26999pt
* \headheight=14.22636pt
* \headsep=0.0pt
* \topskip=11.0pt
* \footskip=14.22636pt
* \marginparwidth=4.0pt
* \marginparsep=10.0pt
* \columnsep=10.0pt
* \skip\footins=10.0pt plus 4.0pt minus 2.0pt
* \hoffset=0.0pt
* \voffset=0.0pt
* \mag=1000
* \@twocolumnfalse
* \@twosidefalse
* \@mparswitchfalse
* \@reversemarginfalse
* (1in=72.27pt=25.4mm, 1cm=28.453pt)

(/usr/share/texlive/texmf-dist/tex/context/base/supp-pdf.mkii
[Loading MPS to PDF converter (version 2006.09.02).]
\scratchcounter=\count168
\scratchdimen=\dimen199
\scratchbox=\box55
\nofMPsegments=\count169
\nofMParguments=\count170
\everyMPshowfont=\toks48
\MPscratchCnt=\count171
\MPscratchDim=\dimen200
\MPnumerator=\count172
\makeMPintoPDFobject=\count173
\everyMPtoPDFconversion=\toks49
) (/usr/share/texlive/texmf-dist/tex/latex/oberdiek/epstopdf-base.sty
Package: epstopdf-base 2010/02/09 v2.5 Base part for package epstopdf

(/usr/share/texlive/texmf-dist/tex/latex/oberdiek/grfext.sty
Package: grfext 2010/08/19 v1.1 Manage graphics extensions (HO)
)
Package grfext Info: Graphics extension search list:
(grfext)             [.png,.pdf,.jpg,.mps,.jpeg,.jbig2,.jb2,.PNG,.PDF,.JPG,.JPE
G,.JBIG2,.JB2,.eps]
(grfext)             \AppendGraphicsExtensions on input line 452.

(/usr/share/texlive/texmf-dist/tex/latex/latexconfig/epstopdf-sys.cfg
File: epstopdf-sys.cfg 2010/07/13 v1.3 Configuration of (r)epstopdf for TeX Liv
e
))
ABD: EveryShipout initializing macros
\AtBeginShipoutBox=\box56
Package hyperref Info: Link coloring OFF on input line 59.

(/usr/share/texlive/texmf-dist/tex/latex/hyperref/nameref.sty
Package: nameref 2012/10/27 v2.43 Cross-referencing by name of section

(/usr/share/texlive/texmf-dist/tex/generic/oberdiek/gettitlestring.sty
Package: gettitlestring 2010/12/03 v1.4 Cleanup title references (HO)
)
\c@section@level=\count174
)
LaTeX Info: Redefining \ref on input line 59.
LaTeX Info: Redefining \pageref on input line 59.
LaTeX Info: Redefining \nameref on input line 59.

(./slides.out) (./slides.out)
\@outlinefile=\write5
\openout5 = `slides.out'.

LaTeX Font Info:    Overwriting symbol font `operators' in version `normal'
(Font)                  OT1/cmr/m/n --> OT1/cmss/m/n on input line 59.
LaTeX Font Info:    Overwriting symbol font `operators' in version `bold'
(Font)                  OT1/cmr/bx/n --> OT1/cmss/bx/n on input line 59.
\symnumbers=\mathgroup6
\sympureletters=\mathgroup7
LaTeX Font Info:    Overwriting math alphabet `\mathrm' in version `normal'
(Font)                  OT1/cmss/m/n --> OT1/cmr/m/n on input line 59.
LaTeX Font Info:    Redeclaring math alphabet \mathbf on input line 59.
LaTeX Font Info:    Overwriting math alphabet `\mathbf' in version `normal'
(Font)                  OT1/cmr/bx/n --> OT1/cmss/bx/n on input line 59.
LaTeX Font Info:    Overwriting math alphabet `\mathbf' in version `bold'
(Font)                  OT1/cmr/bx/n --> OT1/cmss/bx/n on input line 59.
LaTeX Font Info:    Redeclaring math alphabet \mathsf on input line 59.
LaTeX Font Info:    Overwriting math alphabet `\mathsf' in version `normal'
(Font)                  OT1/cmss/m/n --> OT1/cmss/m/n on input line 59.
LaTeX Font Info:    Overwriting math alphabet `\mathsf' in version `bold'
(Font)                  OT1/cmss/bx/n --> OT1/cmss/m/n on input line 59.
LaTeX Font Info:    Redeclaring math alphabet \mathit on input line 59.
LaTeX Font Info:    Overwriting math alphabet `\mathit' in version `normal'
(Font)                  OT1/cmr/m/it --> OT1/cmss/m/it on input line 59.
LaTeX Font Info:    Overwriting math alphabet `\mathit' in version `bold'
(Font)                  OT1/cmr/bx/it --> OT1/cmss/m/it on input line 59.
LaTeX Font Info:    Redeclaring math alphabet \mathtt on input line 59.
LaTeX Font Info:    Overwriting math alphabet `\mathtt' in version `normal'
(Font)                  OT1/cmtt/m/n --> OT1/cmtt/m/n on input line 59.
LaTeX Font Info:    Overwriting math alphabet `\mathtt' in version `bold'
(Font)                  OT1/cmtt/m/n --> OT1/cmtt/m/n on input line 59.
LaTeX Font Info:    Overwriting symbol font `numbers' in version `bold'
(Font)                  OT1/cmss/m/n --> OT1/cmss/bx/n on input line 59.
LaTeX Font Info:    Overwriting symbol font `pureletters' in version `bold'
(Font)                  OT1/cmss/m/it --> OT1/cmss/bx/it on input line 59.
LaTeX Font Info:    Overwriting math alphabet `\mathrm' in version `bold'
(Font)                  OT1/cmss/bx/n --> OT1/cmr/bx/n on input line 59.
LaTeX Font Info:    Overwriting math alphabet `\mathbf' in version `bold'
(Font)                  OT1/cmss/bx/n --> OT1/cmss/bx/n on input line 59.
LaTeX Font Info:    Overwriting math alphabet `\mathsf' in version `bold'
(Font)                  OT1/cmss/m/n --> OT1/cmss/bx/n on input line 59.
LaTeX Font Info:    Overwriting math alphabet `\mathit' in version `bold'
(Font)                  OT1/cmss/m/it --> OT1/cmss/bx/it on input line 59.
LaTeX Font Info:    Overwriting math alphabet `\mathtt' in version `bold'
(Font)                  OT1/cmtt/m/n --> OT1/cmtt/bx/n on input line 59.

(/usr/share/texmf/tex/latex/beamer/base/translator/dicts/translator-basic-dicti
onary/translator-basic-dictionary-English.dict
Dictionary: translator-basic-dictionary, Language: English 
)
(/usr/share/texmf/tex/latex/beamer/base/translator/dicts/translator-bibliograph
y-dictionary/translator-bibliography-dictionary-English.dict
Dictionary: translator-bibliography-dictionary, Language: English 
)
(/usr/share/texmf/tex/latex/beamer/base/translator/dicts/translator-environment
-dictionary/translator-environment-dictionary-English.dict
Dictionary: translator-environment-dictionary, Language: English 
)
(/usr/share/texmf/tex/latex/beamer/base/translator/dicts/translator-months-dict
ionary/translator-months-dictionary-English.dict
Dictionary: translator-months-dictionary, Language: English 
)
(/usr/share/texmf/tex/latex/beamer/base/translator/dicts/translator-numbers-dic
tionary/translator-numbers-dictionary-English.dict
Dictionary: translator-numbers-dictionary, Language: English 
)
(/usr/share/texmf/tex/latex/beamer/base/translator/dicts/translator-theorem-dic
tionary/translator-theorem-dictionary-English.dict
Dictionary: translator-theorem-dictionary, Language: English 
)
LaTeX Info: Redefining \includegraphics on input line 59.
LaTeX Info: Redefining \it@ocap on input line 59.
LaTeX Info: Redefining \it@ccap on input line 59.


File italian.ldf warning: 
italian.ldf    With OT1 encoding guillemets are poorly faked
italian.ldf    Use T1 encoding
italian.ldf    or specify a font with command \CaporaliFrom
italian.ldf    See the documentation concerning the babel-italian typesetting 
italian.ldf    on input line 59.

(/usr/share/texlive/texmf-dist/tex/latex/ucs/ucsencs.def
File: ucsencs.def 2011/01/21 Fixes to fontencodings LGR, T3
)
\c@lstlisting=\count175
 (./slides.nav)
<ld_logo.png, id=72, 291.33844pt x 338.76563pt>
File: ld_logo.png Graphic file (type png)
 <use ld_logo.png>
Package pdftex.def Info: ld_logo.png used on input line 63.
(pdftex.def)             Requested size: 36.70172pt x 42.67912pt.

<gulp.png, id=74, 130.4875pt x 133.49875pt>
File: gulp.png Graphic file (type png)
 <use gulp.png>
Package pdftex.def Info: gulp.png used on input line 63.
(pdftex.def)             Requested size: 41.71703pt x 42.67912pt.

<back.png, id=75, 1015.795pt x 903.375pt>
File: back.png Graphic file (type png)
 <use back.png>
Package pdftex.def Info: back.png used on input line 63.
(pdftex.def)             Requested size: 307.14331pt x 273.14662pt.


LaTeX Font Warning: Font shape `OT1/cmss/m/n' in size <4> not available
(Font)              size <5> substituted on input line 63.

[1{/var/lib/texmf/fonts/map/pdftex/updmap/pdftex.map}

 <./back.png> <./ld_logo.png> <./gulp.png>]
File: back.png Graphic file (type png)
 <use back.png>
Package pdftex.def Info: back.png used on input line 73.
(pdftex.def)             Requested size: 307.14331pt x 273.14662pt.
 [2

]
LaTeX Font Info:    Try loading font information for U+msa on input line 88.

(/usr/share/texlive/texmf-dist/tex/latex/amsfonts/umsa.fd
File: umsa.fd 2013/01/14 v3.01 AMS symbols A
)
LaTeX Font Info:    Try loading font information for U+msb on input line 88.

(/usr/share/texlive/texmf-dist/tex/latex/amsfonts/umsb.fd
File: umsb.fd 2013/01/14 v3.01 AMS symbols B
)
File: back.png Graphic file (type png)
 <use back.png>
Package pdftex.def Info: back.png used on input line 88.
(pdftex.def)             Requested size: 307.14331pt x 273.14662pt.

[3

]
File: back.png Graphic file (type png)
 <use back.png>
Package pdftex.def Info: back.png used on input line 88.
(pdftex.def)             Requested size: 307.14331pt x 273.14662pt.
 [4

]
File: back.png Graphic file (type png)
 <use back.png>
Package pdftex.def Info: back.png used on input line 88.
(pdftex.def)             Requested size: 307.14331pt x 273.14662pt.
 [5

]
File: back.png Graphic file (type png)
 <use back.png>
Package pdftex.def Info: back.png used on input line 88.
(pdftex.def)             Requested size: 307.14331pt x 273.14662pt.
 [6

]
File: back.png Graphic file (type png)
 <use back.png>
Package pdftex.def Info: back.png used on input line 88.
(pdftex.def)             Requested size: 307.14331pt x 273.14662pt.

[7

]
\openout4 = `slides.vrb'.

 (./slides.vrb <android.png, id=386, 467.21028pt x 444.81676pt>
File: android.png Graphic file (type png)

<use android.png>
Package pdftex.def Info: android.png used on input line 4.
(pdftex.def)             Requested size: 44.82744pt x 42.67912pt.
 <chart.png, id=387, 517.935pt x 336.25626pt>
File: chart.png Graphic file (type png)
 <use chart.png>
Package pdftex.def Info: chart.png used on input line 12.
(pdftex.def)             Requested size: 131.47499pt x 85.35826pt.
)
File: back.png Graphic file (type png)
<use back.png>
Package pdftex.def Info: back.png used on input line 104.
(pdftex.def)             Requested size: 307.14331pt x 273.14662pt.
 [8

 <./android.png> <./chart.png>] (./slides.vrb
File: android.png Graphic file (type png)

<use android.png>
Package pdftex.def Info: android.png used on input line 4.
(pdftex.def)             Requested size: 44.82744pt x 42.67912pt.
File: chart.png Graphic file (type png)
 <use chart.png>
Package pdftex.def Info: chart.png used on input line 12.
(pdftex.def)             Requested size: 131.47499pt x 85.35826pt.
)
File: back.png Graphic file (type png)
 <use back.png>
Package pdftex.def Info: back.png used on input line 104.
(pdftex.def)             Requested size: 307.14331pt x 273.14662pt.
 [9

] (./slides.vrb
File: android.png Graphic file (type png)

<use android.png>
Package pdftex.def Info: android.png used on input line 4.
(pdftex.def)             Requested size: 44.82744pt x 42.67912pt.
File: chart.png Graphic file (type png)
 <use chart.png>
Package pdftex.def Info: chart.png used on input line 12.
(pdftex.def)             Requested size: 131.47499pt x 85.35826pt.
)
File: back.png Graphic file (type png)
 <use back.png>
Package pdftex.def Info: back.png used on input line 104.
(pdftex.def)             Requested size: 307.14331pt x 273.14662pt.
 [10

] (./slides.vrb
File: android.png Graphic file (type png)

<use android.png>
Package pdftex.def Info: android.png used on input line 4.
(pdftex.def)             Requested size: 44.82744pt x 42.67912pt.
File: chart.png Graphic file (type png)
 <use chart.png>
Package pdftex.def Info: chart.png used on input line 12.
(pdftex.def)             Requested size: 131.47499pt x 85.35826pt.
)
File: back.png Graphic file (type png)
 <use back.png>
Package pdftex.def Info: back.png used on input line 104.
(pdftex.def)             Requested size: 307.14331pt x 273.14662pt.
 [11

]
<java.png, id=550, 323.2075pt x 601.24625pt>
File: java.png Graphic file (type png)
 <use java.png>
Package pdftex.def Info: java.png used on input line 119.
(pdftex.def)             Requested size: 61.17827pt x 113.81102pt.
File: back.png Graphic file (type png)
 <use back.png>
Package pdftex.def Info: back.png used on input line 119.
(pdftex.def)             Requested size: 307.14331pt x 273.14662pt.

[12

 <./java.png>]
File: java.png Graphic file (type png)
 <use java.png>
Package pdftex.def Info: java.png used on input line 119.
(pdftex.def)             Requested size: 61.17827pt x 113.81102pt.
File: back.png Graphic file (type png)
 <use back.png>
Package pdftex.def Info: back.png used on input line 119.
(pdftex.def)             Requested size: 307.14331pt x 273.14662pt.
 [13

]
File: java.png Graphic file (type png)
 <use java.png>
Package pdftex.def Info: java.png used on input line 119.
(pdftex.def)             Requested size: 61.17827pt x 113.81102pt.
File: back.png Graphic file (type png)

<use back.png>
Package pdftex.def Info: back.png used on input line 119.
(pdftex.def)             Requested size: 307.14331pt x 273.14662pt.
 [14

]
File: back.png Graphic file (type png)
 <use back.png>
Package pdftex.def Info: back.png used on input line 135.
(pdftex.def)             Requested size: 307.14331pt x 273.14662pt.
 [15

]
File: back.png Graphic file (type png)
 <use back.png>
Package pdftex.def Info: back.png used on input line 135.
(pdftex.def)             Requested size: 307.14331pt x 273.14662pt.
 [16

]
File: back.png Graphic file (type png)
 <use back.png>
Package pdftex.def Info: back.png used on input line 135.
(pdftex.def)             Requested size: 307.14331pt x 273.14662pt.

[17

]
\openout4 = `slides.vrb'.

 (./slides.vrb
LaTeX Font Info:    Font shape `OT1/cmtt/bx/n' in size <8> not available
(Font)              Font shape `OT1/cmtt/m/n' tried instead on input line 4.
)
File: back.png Graphic file (type png)
 <use back.png>
Package pdftex.def Info: back.png used on input line 155.
(pdftex.def)             Requested size: 307.14331pt x 273.14662pt.
 [18

]
<luna.png, id=846, 453.695pt x 303.1325pt>
File: luna.png Graphic file (type png)
 <use luna.png>
Package pdftex.def Info: luna.png used on input line 167.
(pdftex.def)             Requested size: 170.34288pt x 113.81102pt.
File: back.png Graphic file (type png)
 <use back.png>
Package pdftex.def Info: back.png used on input line 167.
(pdftex.def)             Requested size: 307.14331pt x 273.14662pt.

[19

 <./luna.png>]
File: luna.png Graphic file (type png)
 <use luna.png>
Package pdftex.def Info: luna.png used on input line 167.
(pdftex.def)             Requested size: 170.34288pt x 113.81102pt.
File: back.png Graphic file (type png)
 <use back.png>
Package pdftex.def Info: back.png used on input line 167.
(pdftex.def)             Requested size: 307.14331pt x 273.14662pt.
 [20

]
File: back.png Graphic file (type png)
 <use back.png>
Package pdftex.def Info: back.png used on input line 180.
(pdftex.def)             Requested size: 307.14331pt x 273.14662pt.
 [21

]
File: back.png Graphic file (type png)

<use back.png>
Package pdftex.def Info: back.png used on input line 180.
(pdftex.def)             Requested size: 307.14331pt x 273.14662pt.
 [22

] <sdk.png, id=1013, 1133.23375pt x 823.075pt>
File: sdk.png Graphic file (type png)
 <use sdk.png>
Package pdftex.def Info: sdk.png used on input line 186.
(pdftex.def)             Requested size: 235.04651pt x 170.71652pt.
File: back.png Graphic file (type png)

<use back.png>
Package pdftex.def Info: back.png used on input line 186.
(pdftex.def)             Requested size: 307.14331pt x 273.14662pt.
 [23

 <./sdk.png>] <crop.png, id=1055, 105.39375pt x 68.255pt>
File: crop.png Graphic file (type png)

<use crop.png>
Package pdftex.def Info: crop.png used on input line 203.
(pdftex.def)             Requested size: 43.93378pt x 28.45274pt.
File: back.png Graphic file (type png)
 <use back.png>
Package pdftex.def Info: back.png used on input line 203.
(pdftex.def)             Requested size: 307.14331pt x 273.14662pt.
 [24

 <./crop.png>]
File: crop.png Graphic file (type png)
 <use crop.png>
Package pdftex.def Info: crop.png used on input line 203.
(pdftex.def)             Requested size: 43.93378pt x 28.45274pt.
File: back.png Graphic file (type png)
 <use back.png>
Package pdftex.def Info: back.png used on input line 203.
(pdftex.def)             Requested size: 307.14331pt x 273.14662pt.

[25

]
File: crop.png Graphic file (type png)
 <use crop.png>
Package pdftex.def Info: crop.png used on input line 203.
(pdftex.def)             Requested size: 43.93378pt x 28.45274pt.
File: back.png Graphic file (type png)
 <use back.png>
Package pdftex.def Info: back.png used on input line 203.
(pdftex.def)             Requested size: 307.14331pt x 273.14662pt.
 [26

]
File: crop.png Graphic file (type png)
 <use crop.png>
Package pdftex.def Info: crop.png used on input line 203.
(pdftex.def)             Requested size: 43.93378pt x 28.45274pt.
File: back.png Graphic file (type png)
 <use back.png>
Package pdftex.def Info: back.png used on input line 203.
(pdftex.def)             Requested size: 307.14331pt x 273.14662pt.
 [27

]
<adt.png, id=1222, 781.92125pt x 765.86125pt>
File: adt.png Graphic file (type png)
 <use adt.png>
Package pdftex.def Info: adt.png used on input line 209.
(pdftex.def)             Requested size: 174.29012pt x 170.71652pt.
File: back.png Graphic file (type png)
 <use back.png>
Package pdftex.def Info: back.png used on input line 209.
(pdftex.def)             Requested size: 307.14331pt x 273.14662pt.

[28

 <./adt.png>]
File: back.png Graphic file (type png)
 <use back.png>
Package pdftex.def Info: back.png used on input line 228.
(pdftex.def)             Requested size: 307.14331pt x 273.14662pt.
 [29

]
File: back.png Graphic file (type png)
 <use back.png>
Package pdftex.def Info: back.png used on input line 228.
(pdftex.def)             Requested size: 307.14331pt x 273.14662pt.
 [30

]
File: back.png Graphic file (type png)
 <use back.png>
Package pdftex.def Info: back.png used on input line 228.
(pdftex.def)             Requested size: 307.14331pt x 273.14662pt.

[31

]
File: back.png Graphic file (type png)
 <use back.png>
Package pdftex.def Info: back.png used on input line 228.
(pdftex.def)             Requested size: 307.14331pt x 273.14662pt.
 [32

]
File: back.png Graphic file (type png)
 <use back.png>
Package pdftex.def Info: back.png used on input line 228.
(pdftex.def)             Requested size: 307.14331pt x 273.14662pt.
 [33

]
<manage.png, id=1468, 719.68875pt x 536.0025pt>
File: manage.png Graphic file (type png)
 <use manage.png>
Package pdftex.def Info: manage.png used on input line 234.
(pdftex.def)             Requested size: 229.21793pt x 170.71652pt.
File: back.png Graphic file (type png)

<use back.png>
Package pdftex.def Info: back.png used on input line 234.
(pdftex.def)             Requested size: 307.14331pt x 273.14662pt.
 [34

 <./manage.png>]
File: back.png Graphic file (type png)
 <use back.png>
Package pdftex.def Info: back.png used on input line 245.
(pdftex.def)             Requested size: 307.14331pt x 273.14662pt.
 [35

]
File: back.png Graphic file (type png)
 <use back.png>
Package pdftex.def Info: back.png used on input line 245.
(pdftex.def)             Requested size: 307.14331pt x 273.14662pt.
 [36

]
File: back.png Graphic file (type png)

<use back.png>
Package pdftex.def Info: back.png used on input line 258.
(pdftex.def)             Requested size: 307.14331pt x 273.14662pt.
 [37

]
File: back.png Graphic file (type png)
 <use back.png>
Package pdftex.def Info: back.png used on input line 258.
(pdftex.def)             Requested size: 307.14331pt x 273.14662pt.
 [38

]
File: back.png Graphic file (type png)
 <use back.png>
Package pdftex.def Info: back.png used on input line 258.
(pdftex.def)             Requested size: 307.14331pt x 273.14662pt.
 [39

]
<avd.png, id=1711, 955.57pt x 879.285pt>
File: avd.png Graphic file (type png)
 <use avd.png>
Package pdftex.def Info: avd.png used on input line 264.
(pdftex.def)             Requested size: 185.52617pt x 170.71652pt.
File: back.png Graphic file (type png)
 <use back.png>
Package pdftex.def Info: back.png used on input line 264.
(pdftex.def)             Requested size: 307.14331pt x 273.14662pt.
 [40

 <./avd.png>]
File: back.png Graphic file (type png)
 <use back.png>
Package pdftex.def Info: back.png used on input line 277.
(pdftex.def)             Requested size: 307.14331pt x 273.14662pt.
 [41

]
File: back.png Graphic file (type png)
 <use back.png>
Package pdftex.def Info: back.png used on input line 277.
(pdftex.def)             Requested size: 307.14331pt x 273.14662pt.
 [42

]
File: back.png Graphic file (type png)
 <use back.png>
Package pdftex.def Info: back.png used on input line 277.
(pdftex.def)             Requested size: 307.14331pt x 273.14662pt.
 [43

]
<debug.png, id=1875, 722.7pt x 1284.8pt>
File: debug.png Graphic file (type png)
 <use debug.png>
Package pdftex.def Info: debug.png used on input line 284.
(pdftex.def)             Requested size: 96.02747pt x 170.71652pt.
File: back.png Graphic file (type png)
 <use back.png>
Package pdftex.def Info: back.png used on input line 284.
(pdftex.def)             Requested size: 307.14331pt x 273.14662pt.

[44

 <./debug.png>] <versions.jpg, id=1915, 1606.0pt x 703.62875pt>
File: versions.jpg Graphic file (type jpg)

<use versions.jpg>
Package pdftex.def Info: versions.jpg used on input line 304.
(pdftex.def)             Requested size: 256.0748pt x 112.18564pt.
File: back.png Graphic file (type png)
 <use back.png>
Package pdftex.def Info: back.png used on input line 304.
(pdftex.def)             Requested size: 307.14331pt x 273.14662pt.
 [45

 <./versions.jpg>]
File: versions.jpg Graphic file (type jpg)
 <use versions.jpg>
Package pdftex.def Info: versions.jpg used on input line 304.
(pdftex.def)             Requested size: 256.0748pt x 112.18564pt.
File: back.png Graphic file (type png)

<use back.png>
Package pdftex.def Info: back.png used on input line 304.
(pdftex.def)             Requested size: 307.14331pt x 273.14662pt.
 [46

] <apilevel.png, id=1999, 706.64pt x 681.54625pt>
File: apilevel.png Graphic file (type png)

<use apilevel.png>
Package pdftex.def Info: apilevel.png used on input line 322.
(pdftex.def)             Requested size: 162.25421pt x 156.49014pt.
File: back.png Graphic file (type png)
 <use back.png>
Package pdftex.def Info: back.png used on input line 322.
(pdftex.def)             Requested size: 307.14331pt x 273.14662pt.
 [47

 <./apilevel.png>]
File: apilevel.png Graphic file (type png)
 <use apilevel.png>
Package pdftex.def Info: apilevel.png used on input line 322.
(pdftex.def)             Requested size: 162.25421pt x 156.49014pt.
File: back.png Graphic file (type png)

<use back.png>
Package pdftex.def Info: back.png used on input line 322.
(pdftex.def)             Requested size: 307.14331pt x 273.14662pt.
 [48

] <dashboard.png, id=2080, 792.9625pt x 277.035pt>
File: dashboard.png Graphic file (type png)

<use dashboard.png>
Package pdftex.def Info: dashboard.png used on input line 329.
(pdftex.def)             Requested size: 256.0748pt x 89.46463pt.
File: back.png Graphic file (type png)
 <use back.png>
Package pdftex.def Info: back.png used on input line 329.
(pdftex.def)             Requested size: 307.14331pt x 273.14662pt.
 [49

 <./dashboard.png>]
<devices.png, id=2121, 641.39626pt x 427.5975pt>
File: devices.png Graphic file (type png)
 <use devices.png>
Package pdftex.def Info: devices.png used on input line 352.
(pdftex.def)             Requested size: 128.0323pt x 85.35826pt.
File: back.png Graphic file (type png)

<use back.png>
Package pdftex.def Info: back.png used on input line 352.
(pdftex.def)             Requested size: 307.14331pt x 273.14662pt.
 [50

 <./devices.png>]
File: devices.png Graphic file (type png)
 <use devices.png>
Package pdftex.def Info: devices.png used on input line 352.
(pdftex.def)             Requested size: 128.0323pt x 85.35826pt.
File: back.png Graphic file (type png)
 <use back.png>
Package pdftex.def Info: back.png used on input line 352.
(pdftex.def)             Requested size: 307.14331pt x 273.14662pt.
 [51

]
File: back.png Graphic file (type png)

<use back.png>
Package pdftex.def Info: back.png used on input line 371.
(pdftex.def)             Requested size: 307.14331pt x 273.14662pt.
 [52

]
File: back.png Graphic file (type png)
 <use back.png>
Package pdftex.def Info: back.png used on input line 371.
(pdftex.def)             Requested size: 307.14331pt x 273.14662pt.
 [53

]
File: back.png Graphic file (type png)
 <use back.png>
Package pdftex.def Info: back.png used on input line 371.
(pdftex.def)             Requested size: 307.14331pt x 273.14662pt.
 [54

]

LaTeX Font Warning: Font shape `OT1/cmss/bx/it' undefined
(Font)              using `OT1/cmss/bx/n' instead on input line 389.

File: back.png Graphic file (type png)
<use back.png>
Package pdftex.def Info: back.png used on input line 389.
(pdftex.def)             Requested size: 307.14331pt x 273.14662pt.
 [55

]
File: back.png Graphic file (type png)
 <use back.png>
Package pdftex.def Info: back.png used on input line 389.
(pdftex.def)             Requested size: 307.14331pt x 273.14662pt.
 [56

]
File: back.png Graphic file (type png)
 <use back.png>
Package pdftex.def Info: back.png used on input line 389.
(pdftex.def)             Requested size: 307.14331pt x 273.14662pt.
 [57

]
File: back.png Graphic file (type png)
 <use back.png>
Package pdftex.def Info: back.png used on input line 389.
(pdftex.def)             Requested size: 307.14331pt x 273.14662pt.

[58

]
File: back.png Graphic file (type png)
 <use back.png>
Package pdftex.def Info: back.png used on input line 389.
(pdftex.def)             Requested size: 307.14331pt x 273.14662pt.
 [59

]
File: back.png Graphic file (type png)
 <use back.png>
Package pdftex.def Info: back.png used on input line 389.
(pdftex.def)             Requested size: 307.14331pt x 273.14662pt.
 [60

]
\openout4 = `slides.vrb'.

 (./slides.vrb
<palette.png, id=2566, 762.85pt x 496.85625pt>
File: palette.png Graphic file (type png)
 <use palette.png>
Package pdftex.def Info: palette.png used on input line 29.
(pdftex.def)             Requested size: 170.71652pt x 111.18889pt.
)
File: back.png Graphic file (type png)

<use back.png>
Package pdftex.def Info: back.png used on input line 423.
(pdftex.def)             Requested size: 307.14331pt x 273.14662pt.
 [61

 <./palette.png>] (./slides.vrb
File: palette.png Graphic file (type png)
 <use palette.png>
Package pdftex.def Info: palette.png used on input line 29.
(pdftex.def)             Requested size: 170.71652pt x 111.18889pt.
)
File: back.png Graphic file (type png)

<use back.png>
Package pdftex.def Info: back.png used on input line 423.
(pdftex.def)             Requested size: 307.14331pt x 273.14662pt.
 [62

] (./slides.vrb
File: palette.png Graphic file (type png)
 <use palette.png>
Package pdftex.def Info: palette.png used on input line 29.
(pdftex.def)             Requested size: 170.71652pt x 111.18889pt.
)
File: back.png Graphic file (type png)
 <use back.png>
Package pdftex.def Info: back.png used on input line 423.
(pdftex.def)             Requested size: 307.14331pt x 273.14662pt.
 [63

]
(./slides.vrb
File: palette.png Graphic file (type png)
 <use palette.png>
Package pdftex.def Info: palette.png used on input line 29.
(pdftex.def)             Requested size: 170.71652pt x 111.18889pt.
)
File: back.png Graphic file (type png)
 <use back.png>
Package pdftex.def Info: back.png used on input line 423.
(pdftex.def)             Requested size: 307.14331pt x 273.14662pt.
 [64

] (./slides.vrb
File: palette.png Graphic file (type png)

<use palette.png>
Package pdftex.def Info: palette.png used on input line 29.
(pdftex.def)             Requested size: 170.71652pt x 111.18889pt.
)
File: back.png Graphic file (type png)
 <use back.png>
Package pdftex.def Info: back.png used on input line 423.
(pdftex.def)             Requested size: 307.14331pt x 273.14662pt.
 [65

] (./slides.vrb
File: palette.png Graphic file (type png)
 <use palette.png>
Package pdftex.def Info: palette.png used on input line 29.
(pdftex.def)             Requested size: 170.71652pt x 111.18889pt.
)
File: back.png Graphic file (type png)

<use back.png>
Package pdftex.def Info: back.png used on input line 423.
(pdftex.def)             Requested size: 307.14331pt x 273.14662pt.
 [66

] (./slides.vrb
File: palette.png Graphic file (type png)
 <use palette.png>
Package pdftex.def Info: palette.png used on input line 29.
(pdftex.def)             Requested size: 170.71652pt x 111.18889pt.
)
File: back.png Graphic file (type png)
 <use back.png>
Package pdftex.def Info: back.png used on input line 423.
(pdftex.def)             Requested size: 307.14331pt x 273.14662pt.
 [67

]
(./slides.vrb
File: palette.png Graphic file (type png)
 <use palette.png>
Package pdftex.def Info: palette.png used on input line 29.
(pdftex.def)             Requested size: 170.71652pt x 111.18889pt.
)
File: back.png Graphic file (type png)
 <use back.png>
Package pdftex.def Info: back.png used on input line 423.
(pdftex.def)             Requested size: 307.14331pt x 273.14662pt.
 [68

]
<material.png, id=2893, 1124.2pt x 626.34pt>
File: material.png Graphic file (type png)
 <use material.png>
Package pdftex.def Info: material.png used on input line 437.
(pdftex.def)             Requested size: 256.0748pt x 142.66937pt.
File: back.png Graphic file (type png)
 <use back.png>
Package pdftex.def Info: back.png used on input line 437.
(pdftex.def)             Requested size: 307.14331pt x 273.14662pt.

[69

 <./material.png (PNG copy)>]
File: back.png Graphic file (type png)
 <use back.png>
Package pdftex.def Info: back.png used on input line 453.
(pdftex.def)             Requested size: 307.14331pt x 273.14662pt.
 [70

]
File: back.png Graphic file (type png)
 <use back.png>
Package pdftex.def Info: back.png used on input line 453.
(pdftex.def)             Requested size: 307.14331pt x 273.14662pt.
 [71

]
File: back.png Graphic file (type png)

<use back.png>
Package pdftex.def Info: back.png used on input line 453.
(pdftex.def)             Requested size: 307.14331pt x 273.14662pt.
 [72

]
File: back.png Graphic file (type png)
 <use back.png>
Package pdftex.def Info: back.png used on input line 453.
(pdftex.def)             Requested size: 307.14331pt x 273.14662pt.
 [73

]
<cc.png, id=3109, 88.33pt x 31.11626pt>
File: cc.png Graphic file (type png)
 <use cc.png>
Package pdftex.def Info: cc.png used on input line 483.
(pdftex.def)             Requested size: 40.38564pt x 14.22636pt.
File: back.png Graphic file (type png)
 <use back.png>
Package pdftex.def Info: back.png used on input line 483.
(pdftex.def)             Requested size: 307.14331pt x 273.14662pt.
 [74

 <./cc.png>]
\tf@nav=\write6
\openout6 = `slides.nav'.

\tf@toc=\write7
\openout7 = `slides.toc'.

\tf@snm=\write8
\openout8 = `slides.snm'.

Package atveryend Info: Empty hook `BeforeClearDocument' on input line 485.
Package atveryend Info: Empty hook `AfterLastShipout' on input line 485.
 (./slides.aux)
Package atveryend Info: Executing hook `AtVeryEndDocument' on input line 485.
Package atveryend Info: Executing hook `AtEndAfterFileList' on input line 485.
Package rerunfilecheck Info: File `slides.out' has not changed.
(rerunfilecheck)             Checksum: C09100862B3E46608FFB74F309EA3D9A;821.


LaTeX Font Warning: Size substitutions with differences
(Font)              up to 1.0pt have occurred.


LaTeX Font Warning: Some font shapes were not available, defaults substituted.

Package atveryend Info: Empty hook `AtVeryVeryEnd' on input line 485.
 ) 
Here is how much of TeX's memory you used:
 19064 strings out of 494976
 338004 string characters out of 6180006
 464286 words of memory out of 5000000
 21630 multiletter control sequences out of 15000+600000
 16807 words of font info for 63 fonts, out of 8000000 for 9000
 36 hyphenation exceptions out of 8191
 49i,15n,64p,915b,1240s stack positions out of 5000i,500n,10000p,200000b,80000s
</usr/share/texlive/texmf-dist/fonts/type1/public/amsfonts/cm/cmss10.pfb></us
r/share/texlive/texmf-dist/fonts/type1/public/amsfonts/cm/cmss12.pfb></usr/shar
e/texlive/texmf-dist/fonts/type1/public/amsfonts/cm/cmss17.pfb></usr/share/texl
ive/texmf-dist/fonts/type1/public/amsfonts/cm/cmss8.pfb></usr/share/texlive/tex
mf-dist/fonts/type1/public/amsfonts/cm/cmss9.pfb></usr/share/texlive/texmf-dist
/fonts/type1/public/amsfonts/cm/cmssbx10.pfb></usr/share/texlive/texmf-dist/fon
ts/type1/public/amsfonts/cm/cmssi10.pfb></usr/share/texlive/texmf-dist/fonts/ty
pe1/public/amsfonts/cm/cmtt10.pfb></usr/share/texlive/texmf-dist/fonts/type1/pu
blic/amsfonts/cm/cmtt8.pfb></usr/share/texlive/texmf-dist/fonts/type1/public/am
sfonts/symbols/msam10.pfb>
Output written on slides.pdf (74 pages, 1751995 bytes).
PDF statistics:
 3224 PDF objects out of 3580 (max. 8388607)
 3061 compressed objects within 31 object streams
 163 named destinations out of 1000 (max. 500000)
 285 words of extra memory for PDF output out of 10000 (max. 10000000)

